<?xml version="1.0" encoding="UTF-8"?>
<!-- Generated by org.testng.reporters.JUnitReportReporter -->
<testsuite skipped="0" hostname="divya" name="Testcaseofresource.Loginapplication" tests="1" failures="0" timestamp="30 Jan 2019 07:58:53 GMT" time="18.657" errors="0">
  <testcase name="login" time="18.657" classname="Testcaseofresource.Loginapplication"/>
</testsuite> <!-- Testcaseofresource.Loginapplication -->
