<?xml version="1.0" encoding="UTF-8"?>
<!-- Generated by org.testng.reporters.JUnitReportReporter -->
<testsuite skipped="0" hostname="Divya.Varnwal" name="Dashboard.Resource.Testcases" tests="1" failures="0" timestamp="26 Apr 2019 16:59:39 GMT" time="9.029" errors="0">
  <testcase name="loginPageNavigation" time="9.029" classname="Dashboard.Resource.Testcases"/>
</testsuite> <!-- Dashboard.Resource.Testcases -->
