<?xml version="1.0" encoding="UTF-8"?>
<!-- Generated by org.testng.reporters.JUnitReportReporter -->
<testsuite hostname="Divya.Varnwal" name="OodlesDB.Policytestcase" tests="1" failures="0" timestamp="9 Nov 2019 05:37:23 GMT" time="237.903" errors="0">
  <testcase name="addPolicy" time="237.903" classname="OodlesDB.Policytestcase"/>
</testsuite> <!-- OodlesDB.Policytestcase -->
