<?xml version="1.0" encoding="UTF-8"?>
<!-- Generated by org.testng.reporters.JUnitReportReporter -->
<testsuite hostname="administrator-ThinkPad-L490" failures="0" tests="1" name="Testcases.Signintestcase" time="15.236" errors="0" timestamp="27 Jun 2020 06:52:13 GMT">
  <testcase classname="Testcases.Signintestcase" name="signin" time="15.236"/>
</testsuite> <!-- Testcases.Signintestcase -->
