<?xml version="1.0" encoding="UTF-8"?>
<!-- Generated by org.testng.reporters.JUnitReportReporter -->
<testsuite hostname="Divya.Varnwal" name="OodlesDB.Blogtestcase" tests="1" failures="0" timestamp="11 Nov 2019 06:11:18 GMT" time="2.718" errors="0">
  <testcase name="blogfilter" time="2.718" classname="OodlesDB.Blogtestcase"/>
</testsuite> <!-- OodlesDB.Blogtestcase -->
