<?xml version="1.0" encoding="UTF-8"?>
<!-- Generated by org.testng.reporters.JUnitReportReporter -->
<testsuite hostname="administrator-ThinkPad-L490" failures="1" tests="1" name="Mystore.Mystore.Homepage" time="10.559" errors="0" timestamp="24 Jun 2020 17:48:04 GMT">
  <testcase classname="Mystore.Mystore.Homepage" name="signtestcase" time="10.559">
    <failure type="java.lang.StackOverflowError">
      <![CDATA[java.lang.StackOverflowError
	at Mystore.Mystore.Homepage.signtestcase(Homepage.java:23)
	at Mystore.Mystore.Homepage.signtestcase(Homepage.java:23)
	at Mystore.Mystore.Homepage.signtestcase(Homepage.java:23)
	at Mystore.Mystore.Homepage.signtestcase(Homepage.java:23)
	at Mystore.Mystore.Homepage.signtestcase(Homepage.java:23)
	at Mystore.Mystore.Homepage.signtestcase(Homepage.java:23)
	at Mystore.Mystore.Homepage.signtestcase(Homepage.java:23)
	at Mystore.Mystore.Homepage.signtestcase(Homepage.java:23)
	at Mystore.Mystore.Homepage.signtestcase(Homepage.java:23)
	at Mystore.Mystore.Homepage.signtestcase(Homepage.java:23)
	at Mystore.Mystore.Homepage.signtestcase(Homepage.java:23)
	at Mystore.Mystore.Homepage.signtestcase(Homepage.java:23)
	at Mystore.Mystore.Homepage.signtestcase(Homepage.java:23)
	at Mystore.Mystore.Homepage.signtestcase(Homepage.java:23)
	at Mystore.Mystore.Homepage.signtestcase(Homepage.java:23)
	at Mystore.Mystore.Homepage.signtestcase(Homepage.java:23)
	at Mystore.Mystore.Homepage.signtestcase(Homepage.java:23)
	at Mystore.Mystore.Homepage.signtestcase(Homepage.java:23)
	at Mystore.Mystore.Homepage.signtestcase(Homepage.java:23)
	at Mystore.Mystore.Homepage.signtestcase(Homepage.java:23)
	at Mystore.Mystore.Homepage.signtestcase(Homepage.java:23)
	at Mystore.Mystore.Homepage.signtestcase(Homepage.java:23)
	at Mystore.Mystore.Homepage.signtestcase(Homepage.java:23)
	at Mystore.Mystore.Homepage.signtestcase(Homepage.java:23)
	at Mystore.Mystore.Homepage.signtestcase(Homepage.java:23)
	at Mystore.Mystore.Homepage.signtestcase(Homepage.java:23)
	at Mystore.Mystore.Homepage.signtestcase(Homepage.java:23)
	at Mystore.Mystore.Homepage.signtestcase(Homepage.java:23)
	at Mystore.Mystore.Homepage.signtestcase(Homepage.java:23)
	at Mystore.Mystore.Homepage.signtestcase(Homepage.java:23)
	at Mystore.Mystore.Homepage.signtestcase(Homepage.java:23)
	at Mystore.Mystore.Homepage.signtestcase(Homepage.java:23)
	at Mystore.Mystore.Homepage.signtestcase(Homepage.java:23)
	at Mystore.Mystore.Homepage.signtestcase(Homepage.java:23)
	at Mystore.Mystore.Homepage.signtestcase(Homepage.java:23)
	at Mystore.Mystore.Homepage.signtestcase(Homepage.java:23)
	at Mystore.Mystore.Homepage.signtestcase(Homepage.java:23)
	at Mystore.Mystore.Homepage.signtestcase(Homepage.java:23)
	at Mystore.Mystore.Homepage.signtestcase(Homepage.java:23)
	at Mystore.Mystore.Homepage.signtestcase(Homepage.java:23)
	at Mystore.Mystore.Homepage.signtestcase(Homepage.java:23)
	at Mystore.Mystore.Homepage.signtestcase(Homepage.java:23)
	at Mystore.Mystore.Homepage.signtestcase(Homepage.java:23)
	at Mystore.Mystore.Homepage.signtestcase(Homepage.java:23)
	at Mystore.Mystore.Homepage.signtestcase(Homepage.java:23)
	at Mystore.Mystore.Homepage.signtestcase(Homepage.java:23)
	at Mystore.Mystore.Homepage.signtestcase(Homepage.java:23)
	at Mystore.Mystore.Homepage.signtestcase(Homepage.java:23)
	at Mystore.Mystore.Homepage.signtestcase(Homepage.java:23)
	at Mystore.Mystore.Homepage.signtestcase(Homepage.java:23)
	at Mystore.Mystore.Homepage.signtestcase(Homepage.java:23)
	at Mystore.Mystore.Homepage.signtestcase(Homepage.java:23)
	at Mystore.Mystore.Homepage.signtestcase(Homepage.java:23)
	at Mystore.Mystore.Homepage.signtestcase(Homepage.java:23)
	at Mystore.Mystore.Homepage.signtestcase(Homepage.java:23)
	at Mystore.Mystore.Homepage.signtestcase(Homepage.java:23)
	at Mystore.Mystore.Homepage.signtestcase(Homepage.java:23)
	at Mystore.Mystore.Homepage.signtestcase(Homepage.java:23)
	at Mystore.Mystore.Homepage.signtestcase(Homepage.java:23)
	at Mystore.Mystore.Homepage.signtestcase(Homepage.java:23)
	at Mystore.Mystore.Homepage.signtestcase(Homepage.java:23)
	at Mystore.Mystore.Homepage.signtestcase(Homepage.java:23)
	at Mystore.Mystore.Homepage.signtestcase(Homepage.java:23)
	at Mystore.Mystore.Homepage.signtestcase(Homepage.java:23)
	at Mystore.Mystore.Homepage.signtestcase(Homepage.java:23)
	at Mystore.Mystore.Homepage.signtestcase(Homepage.java:23)
	at Mystore.Mystore.Homepage.signtestcase(Homepage.java:23)
	at Mystore.Mystore.Homepage.signtestcase(Homepage.java:23)
	at Mystore.Mystore.Homepage.signtestcase(Homepage.java:23)
	at Mystore.Mystore.Homepage.signtestcase(Homepage.java:23)
	at Mystore.Mystore.Homepage.signtestcase(Homepage.java:23)
	at Mystore.Mystore.Homepage.signtestcase(Homepage.java:23)
	at Mystore.Mystore.Homepage.signtestcase(Homepage.java:23)
	at Mystore.Mystore.Homepage.signtestcase(Homepage.java:23)
	at Mystore.Mystore.Homepage.signtestcase(Homepage.java:23)
	at Mystore.Mystore.Homepage.signtestcase(Homepage.java:23)
	at Mystore.Mystore.Homepage.signtestcase(Homepage.java:23)
	at Mystore.Mystore.Homepage.signtestcase(Homepage.java:23)
	at Mystore.Mystore.Homepage.signtestcase(Homepage.java:23)
	at Mystore.Mystore.Homepage.signtestcase(Homepage.java:23)
	at Mystore.Mystore.Homepage.signtestcase(Homepage.java:23)
	at Mystore.Mystore.Homepage.signtestcase(Homepage.java:23)
	at Mystore.Mystore.Homepage.signtestcase(Homepage.java:23)
	at Mystore.Mystore.Homepage.signtestcase(Homepage.java:23)
	at Mystore.Mystore.Homepage.signtestcase(Homepage.java:23)
	at Mystore.Mystore.Homepage.signtestcase(Homepage.java:23)
	at Mystore.Mystore.Homepage.signtestcase(Homepage.java:23)
	at Mystore.Mystore.Homepage.signtestcase(Homepage.java:23)
	at Mystore.Mystore.Homepage.signtestcase(Homepage.java:23)
	at Mystore.Mystore.Homepage.signtestcase(Homepage.java:23)
	at Mystore.Mystore.Homepage.signtestcase(Homepage.java:23)
	at Mystore.Mystore.Homepage.signtestcase(Homepage.java:23)
	at Mystore.Mystore.Homepage.signtestcase(Homepage.java:23)
	at Mystore.Mystore.Homepage.signtestcase(Homepage.java:23)
	at Mystore.Mystore.Homepage.signtestcase(Homepage.java:23)
	at Mystore.Mystore.Homepage.signtestcase(Homepage.java:23)
	at Mystore.Mystore.Homepage.signtestcase(Homepage.java:23)
	at Mystore.Mystore.Homepage.signtestcase(Homepage.java:23)
	at Mystore.Mystore.Homepage.signtestcase(Homepage.java:23)
	at Mystore.Mystore.Homepage.signtestcase(Homepage.java:23)
	at Mystore.Mystore.Homepage.signtestcase(Homepage.java:23)
	at Mystore.Mystore.Homepage.signtestcase(Homepage.java:23)
	at Mystore.Mystore.Homepage.signtestcase(Homepage.java:23)
	at Mystore.Mystore.Homepage.signtestcase(Homepage.java:23)
	at Mystore.Mystore.Homepage.signtestcase(Homepage.java:23)
	at Mystore.Mystore.Homepage.signtestcase(Homepage.java:23)
	at Mystore.Mystore.Homepage.signtestcase(Homepage.java:23)
	at Mystore.Mystore.Homepage.signtestcase(Homepage.java:23)
	at Mystore.Mystore.Homepage.signtestcase(Homepage.java:23)
	at Mystore.Mystore.Homepage.signtestcase(Homepage.java:23)
	at Mystore.Mystore.Homepage.signtestcase(Homepage.java:23)
	at Mystore.Mystore.Homepage.signtestcase(Homepage.java:23)
	at Mystore.Mystore.Homepage.signtestcase(Homepage.java:23)
	at Mystore.Mystore.Homepage.signtestcase(Homepage.java:23)
	at Mystore.Mystore.Homepage.signtestcase(Homepage.java:23)
	at Mystore.Mystore.Homepage.signtestcase(Homepage.java:23)
	at Mystore.Mystore.Homepage.signtestcase(Homepage.java:23)
	at Mystore.Mystore.Homepage.signtestcase(Homepage.java:23)
	at Mystore.Mystore.Homepage.signtestcase(Homepage.java:23)
	at Mystore.Mystore.Homepage.signtestcase(Homepage.java:23)
	at Mystore.Mystore.Homepage.signtestcase(Homepage.java:23)
	at Mystore.Mystore.Homepage.signtestcase(Homepage.java:23)
	at Mystore.Mystore.Homepage.signtestcase(Homepage.java:23)
	at Mystore.Mystore.Homepage.signtestcase(Homepage.java:23)
	at Mystore.Mystore.Homepage.signtestcase(Homepage.java:23)
	at Mystore.Mystore.Homepage.signtestcase(Homepage.java:23)
	at Mystore.Mystore.Homepage.signtestcase(Homepage.java:23)
	at Mystore.Mystore.Homepage.signtestcase(Homepage.java:23)
	at Mystore.Mystore.Homepage.signtestcase(Homepage.java:23)
	at Mystore.Mystore.Homepage.signtestcase(Homepage.java:23)
	at Mystore.Mystore.Homepage.signtestcase(Homepage.java:23)
	at Mystore.Mystore.Homepage.signtestcase(Homepage.java:23)
	at Mystore.Mystore.Homepage.signtestcase(Homepage.java:23)
	at Mystore.Mystore.Homepage.signtestcase(Homepage.java:23)
	at Mystore.Mystore.Homepage.signtestcase(Homepage.java:23)
	at Mystore.Mystore.Homepage.signtestcase(Homepage.java:23)
	at Mystore.Mystore.Homepage.signtestcase(Homepage.java:23)
	at Mystore.Mystore.Homepage.signtestcase(Homepage.java:23)
	at Mystore.Mystore.Homepage.signtestcase(Homepage.java:23)
	at Mystore.Mystore.Homepage.signtestcase(Homepage.java:23)
	at Mystore.Mystore.Homepage.signtestcase(Homepage.java:23)
	at Mystore.Mystore.Homepage.signtestcase(Homepage.java:23)
	at Mystore.Mystore.Homepage.signtestcase(Homepage.java:23)
	at Mystore.Mystore.Homepage.signtestcase(Homepage.java:23)
	at Mystore.Mystore.Homepage.signtestcase(Homepage.java:23)
	at Mystore.Mystore.Homepage.signtestcase(Homepage.java:23)
	at Mystore.Mystore.Homepage.signtestcase(Homepage.java:23)
	at Mystore.Mystore.Homepage.signtestcase(Homepage.java:23)
	at Mystore.Mystore.Homepage.signtestcase(Homepage.java:23)
	at Mystore.Mystore.Homepage.signtestcase(Homepage.java:23)
	at Mystore.Mystore.Homepage.signtestcase(Homepage.java:23)
	at Mystore.Mystore.Homepage.signtestcase(Homepage.java:23)
	at Mystore.Mystore.Homepage.signtestcase(Homepage.java:23)
	at Mystore.Mystore.Homepage.signtestcase(Homepage.java:23)
	at Mystore.Mystore.Homepage.signtestcase(Homepage.java:23)
	at Mystore.Mystore.Homepage.signtestcase(Homepage.java:23)
	at Mystore.Mystore.Homepage.signtestcase(Homepage.java:23)
	at Mystore.Mystore.Homepage.signtestcase(Homepage.java:23)
	at Mystore.Mystore.Homepage.signtestcase(Homepage.java:23)
	at Mystore.Mystore.Homepage.signtestcase(Homepage.java:23)
	at Mystore.Mystore.Homepage.signtestcase(Homepage.java:23)
	at Mystore.Mystore.Homepage.signtestcase(Homepage.java:23)
	at Mystore.Mystore.Homepage.signtestcase(Homepage.java:23)
	at Mystore.Mystore.Homepage.signtestcase(Homepage.java:23)
	at Mystore.Mystore.Homepage.signtestcase(Homepage.java:23)
	at Mystore.Mystore.Homepage.signtestcase(Homepage.java:23)
	at Mystore.Mystore.Homepage.signtestcase(Homepage.java:23)
	at Mystore.Mystore.Homepage.signtestcase(Homepage.java:23)
	at Mystore.Mystore.Homepage.signtestcase(Homepage.java:23)
	at Mystore.Mystore.Homepage.signtestcase(Homepage.java:23)
	at Mystore.Mystore.Homepage.signtestcase(Homepage.java:23)
	at Mystore.Mystore.Homepage.signtestcase(Homepage.java:23)
	at Mystore.Mystore.Homepage.signtestcase(Homepage.java:23)
	at Mystore.Mystore.Homepage.signtestcase(Homepage.java:23)
	at Mystore.Mystore.Homepage.signtestcase(Homepage.java:23)
	at Mystore.Mystore.Homepage.signtestcase(Homepage.java:23)
	at Mystore.Mystore.Homepage.signtestcase(Homepage.java:23)
	at Mystore.Mystore.Homepage.signtestcase(Homepage.java:23)
	at Mystore.Mystore.Homepage.signtestcase(Homepage.java:23)
	at Mystore.Mystore.Homepage.signtestcase(Homepage.java:23)
	at Mystore.Mystore.Homepage.signtestcase(Homepage.java:23)
	at Mystore.Mystore.Homepage.signtestcase(Homepage.java:23)
	at Mystore.Mystore.Homepage.signtestcase(Homepage.java:23)
	at Mystore.Mystore.Homepage.signtestcase(Homepage.java:23)
	at Mystore.Mystore.Homepage.signtestcase(Homepage.java:23)
	at Mystore.Mystore.Homepage.signtestcase(Homepage.java:23)
	at Mystore.Mystore.Homepage.signtestcase(Homepage.java:23)
	at Mystore.Mystore.Homepage.signtestcase(Homepage.java:23)
	at Mystore.Mystore.Homepage.signtestcase(Homepage.java:23)
	at Mystore.Mystore.Homepage.signtestcase(Homepage.java:23)
	at Mystore.Mystore.Homepage.signtestcase(Homepage.java:23)
	at Mystore.Mystore.Homepage.signtestcase(Homepage.java:23)
	at Mystore.Mystore.Homepage.signtestcase(Homepage.java:23)
	at Mystore.Mystore.Homepage.signtestcase(Homepage.java:23)
	at Mystore.Mystore.Homepage.signtestcase(Homepage.java:23)
	at Mystore.Mystore.Homepage.signtestcase(Homepage.java:23)
	at Mystore.Mystore.Homepage.signtestcase(Homepage.java:23)
	at Mystore.Mystore.Homepage.signtestcase(Homepage.java:23)
	at Mystore.Mystore.Homepage.signtestcase(Homepage.java:23)
	at Mystore.Mystore.Homepage.signtestcase(Homepage.java:23)
	at Mystore.Mystore.Homepage.signtestcase(Homepage.java:23)
	at Mystore.Mystore.Homepage.signtestcase(Homepage.java:23)
	at Mystore.Mystore.Homepage.signtestcase(Homepage.java:23)
	at Mystore.Mystore.Homepage.signtestcase(Homepage.java:23)
	at Mystore.Mystore.Homepage.signtestcase(Homepage.java:23)
	at Mystore.Mystore.Homepage.signtestcase(Homepage.java:23)
	at Mystore.Mystore.Homepage.signtestcase(Homepage.java:23)
	at Mystore.Mystore.Homepage.signtestcase(Homepage.java:23)
	at Mystore.Mystore.Homepage.signtestcase(Homepage.java:23)
	at Mystore.Mystore.Homepage.signtestcase(Homepage.java:23)
	at Mystore.Mystore.Homepage.signtestcase(Homepage.java:23)
	at Mystore.Mystore.Homepage.signtestcase(Homepage.java:23)
	at Mystore.Mystore.Homepage.signtestcase(Homepage.java:23)
	at Mystore.Mystore.Homepage.signtestcase(Homepage.java:23)
	at Mystore.Mystore.Homepage.signtestcase(Homepage.java:23)
	at Mystore.Mystore.Homepage.signtestcase(Homepage.java:23)
	at Mystore.Mystore.Homepage.signtestcase(Homepage.java:23)
	at Mystore.Mystore.Homepage.signtestcase(Homepage.java:23)
	at Mystore.Mystore.Homepage.signtestcase(Homepage.java:23)
	at Mystore.Mystore.Homepage.signtestcase(Homepage.java:23)
	at Mystore.Mystore.Homepage.signtestcase(Homepage.java:23)
	at Mystore.Mystore.Homepage.signtestcase(Homepage.java:23)
	at Mystore.Mystore.Homepage.signtestcase(Homepage.java:23)
	at Mystore.Mystore.Homepage.signtestcase(Homepage.java:23)
	at Mystore.Mystore.Homepage.signtestcase(Homepage.java:23)
	at Mystore.Mystore.Homepage.signtestcase(Homepage.java:23)
	at Mystore.Mystore.Homepage.signtestcase(Homepage.java:23)
	at Mystore.Mystore.Homepage.signtestcase(Homepage.java:23)
	at Mystore.Mystore.Homepage.signtestcase(Homepage.java:23)
	at Mystore.Mystore.Homepage.signtestcase(Homepage.java:23)
	at Mystore.Mystore.Homepage.signtestcase(Homepage.java:23)
	at Mystore.Mystore.Homepage.signtestcase(Homepage.java:23)
	at Mystore.Mystore.Homepage.signtestcase(Homepage.java:23)
	at Mystore.Mystore.Homepage.signtestcase(Homepage.java:23)
	at Mystore.Mystore.Homepage.signtestcase(Homepage.java:23)
	at Mystore.Mystore.Homepage.signtestcase(Homepage.java:23)
	at Mystore.Mystore.Homepage.signtestcase(Homepage.java:23)
	at Mystore.Mystore.Homepage.signtestcase(Homepage.java:23)
	at Mystore.Mystore.Homepage.signtestcase(Homepage.java:23)
	at Mystore.Mystore.Homepage.signtestcase(Homepage.java:23)
	at Mystore.Mystore.Homepage.signtestcase(Homepage.java:23)
	at Mystore.Mystore.Homepage.signtestcase(Homepage.java:23)
	at Mystore.Mystore.Homepage.signtestcase(Homepage.java:23)
	at Mystore.Mystore.Homepage.signtestcase(Homepage.java:23)
	at Mystore.Mystore.Homepage.signtestcase(Homepage.java:23)
	at Mystore.Mystore.Homepage.signtestcase(Homepage.java:23)
	at Mystore.Mystore.Homepage.signtestcase(Homepage.java:23)
	at Mystore.Mystore.Homepage.signtestcase(Homepage.java:23)
	at Mystore.Mystore.Homepage.signtestcase(Homepage.java:23)
	at Mystore.Mystore.Homepage.signtestcase(Homepage.java:23)
	at Mystore.Mystore.Homepage.signtestcase(Homepage.java:23)
	at Mystore.Mystore.Homepage.signtestcase(Homepage.java:23)
	at Mystore.Mystore.Homepage.signtestcase(Homepage.java:23)
	at Mystore.Mystore.Homepage.signtestcase(Homepage.java:23)
	at Mystore.Mystore.Homepage.signtestcase(Homepage.java:23)
	at Mystore.Mystore.Homepage.signtestcase(Homepage.java:23)
	at Mystore.Mystore.Homepage.signtestcase(Homepage.java:23)
	at Mystore.Mystore.Homepage.signtestcase(Homepage.java:23)
	at Mystore.Mystore.Homepage.signtestcase(Homepage.java:23)
	at Mystore.Mystore.Homepage.signtestcase(Homepage.java:23)
	at Mystore.Mystore.Homepage.signtestcase(Homepage.java:23)
	at Mystore.Mystore.Homepage.signtestcase(Homepage.java:23)
	at Mystore.Mystore.Homepage.signtestcase(Homepage.java:23)
	at Mystore.Mystore.Homepage.signtestcase(Homepage.java:23)
	at Mystore.Mystore.Homepage.signtestcase(Homepage.java:23)
	at Mystore.Mystore.Homepage.signtestcase(Homepage.java:23)
	at Mystore.Mystore.Homepage.signtestcase(Homepage.java:23)
	at Mystore.Mystore.Homepage.signtestcase(Homepage.java:23)
	at Mystore.Mystore.Homepage.signtestcase(Homepage.java:23)
	at Mystore.Mystore.Homepage.signtestcase(Homepage.java:23)
	at Mystore.Mystore.Homepage.signtestcase(Homepage.java:23)
	at Mystore.Mystore.Homepage.signtestcase(Homepage.java:23)
	at Mystore.Mystore.Homepage.signtestcase(Homepage.java:23)
	at Mystore.Mystore.Homepage.signtestcase(Homepage.java:23)
	at Mystore.Mystore.Homepage.signtestcase(Homepage.java:23)
	at Mystore.Mystore.Homepage.signtestcase(Homepage.java:23)
	at Mystore.Mystore.Homepage.signtestcase(Homepage.java:23)
	at Mystore.Mystore.Homepage.signtestcase(Homepage.java:23)
	at Mystore.Mystore.Homepage.signtestcase(Homepage.java:23)
	at Mystore.Mystore.Homepage.signtestcase(Homepage.java:23)
	at Mystore.Mystore.Homepage.signtestcase(Homepage.java:23)
	at Mystore.Mystore.Homepage.signtestcase(Homepage.java:23)
	at Mystore.Mystore.Homepage.signtestcase(Homepage.java:23)
	at Mystore.Mystore.Homepage.signtestcase(Homepage.java:23)
	at Mystore.Mystore.Homepage.signtestcase(Homepage.java:23)
	at Mystore.Mystore.Homepage.signtestcase(Homepage.java:23)
	at Mystore.Mystore.Homepage.signtestcase(Homepage.java:23)
	at Mystore.Mystore.Homepage.signtestcase(Homepage.java:23)
	at Mystore.Mystore.Homepage.signtestcase(Homepage.java:23)
	at Mystore.Mystore.Homepage.signtestcase(Homepage.java:23)
	at Mystore.Mystore.Homepage.signtestcase(Homepage.java:23)
	at Mystore.Mystore.Homepage.signtestcase(Homepage.java:23)
	at Mystore.Mystore.Homepage.signtestcase(Homepage.java:23)
	at Mystore.Mystore.Homepage.signtestcase(Homepage.java:23)
	at Mystore.Mystore.Homepage.signtestcase(Homepage.java:23)
	at Mystore.Mystore.Homepage.signtestcase(Homepage.java:23)
	at Mystore.Mystore.Homepage.signtestcase(Homepage.java:23)
	at Mystore.Mystore.Homepage.signtestcase(Homepage.java:23)
	at Mystore.Mystore.Homepage.signtestcase(Homepage.java:23)
	at Mystore.Mystore.Homepage.signtestcase(Homepage.java:23)
	at Mystore.Mystore.Homepage.signtestcase(Homepage.java:23)
	at Mystore.Mystore.Homepage.signtestcase(Homepage.java:23)
	at Mystore.Mystore.Homepage.signtestcase(Homepage.java:23)
	at Mystore.Mystore.Homepage.signtestcase(Homepage.java:23)
	at Mystore.Mystore.Homepage.signtestcase(Homepage.java:23)
	at Mystore.Mystore.Homepage.signtestcase(Homepage.java:23)
	at Mystore.Mystore.Homepage.signtestcase(Homepage.java:23)
	at Mystore.Mystore.Homepage.signtestcase(Homepage.java:23)
	at Mystore.Mystore.Homepage.signtestcase(Homepage.java:23)
	at Mystore.Mystore.Homepage.signtestcase(Homepage.java:23)
	at Mystore.Mystore.Homepage.signtestcase(Homepage.java:23)
	at Mystore.Mystore.Homepage.signtestcase(Homepage.java:23)
	at Mystore.Mystore.Homepage.signtestcase(Homepage.java:23)
	at Mystore.Mystore.Homepage.signtestcase(Homepage.java:23)
	at Mystore.Mystore.Homepage.signtestcase(Homepage.java:23)
	at Mystore.Mystore.Homepage.signtestcase(Homepage.java:23)
	at Mystore.Mystore.Homepage.signtestcase(Homepage.java:23)
	at Mystore.Mystore.Homepage.signtestcase(Homepage.java:23)
	at Mystore.Mystore.Homepage.signtestcase(Homepage.java:23)
	at Mystore.Mystore.Homepage.signtestcase(Homepage.java:23)
	at Mystore.Mystore.Homepage.signtestcase(Homepage.java:23)
	at Mystore.Mystore.Homepage.signtestcase(Homepage.java:23)
	at Mystore.Mystore.Homepage.signtestcase(Homepage.java:23)
	at Mystore.Mystore.Homepage.signtestcase(Homepage.java:23)
	at Mystore.Mystore.Homepage.signtestcase(Homepage.java:23)
	at Mystore.Mystore.Homepage.signtestcase(Homepage.java:23)
	at Mystore.Mystore.Homepage.signtestcase(Homepage.java:23)
	at Mystore.Mystore.Homepage.signtestcase(Homepage.java:23)
	at Mystore.Mystore.Homepage.signtestcase(Homepage.java:23)
	at Mystore.Mystore.Homepage.signtestcase(Homepage.java:23)
	at Mystore.Mystore.Homepage.signtestcase(Homepage.java:23)
	at Mystore.Mystore.Homepage.signtestcase(Homepage.java:23)
	at Mystore.Mystore.Homepage.signtestcase(Homepage.java:23)
	at Mystore.Mystore.Homepage.signtestcase(Homepage.java:23)
	at Mystore.Mystore.Homepage.signtestcase(Homepage.java:23)
	at Mystore.Mystore.Homepage.signtestcase(Homepage.java:23)
	at Mystore.Mystore.Homepage.signtestcase(Homepage.java:23)
	at Mystore.Mystore.Homepage.signtestcase(Homepage.java:23)
	at Mystore.Mystore.Homepage.signtestcase(Homepage.java:23)
	at Mystore.Mystore.Homepage.signtestcase(Homepage.java:23)
	at Mystore.Mystore.Homepage.signtestcase(Homepage.java:23)
	at Mystore.Mystore.Homepage.signtestcase(Homepage.java:23)
	at Mystore.Mystore.Homepage.signtestcase(Homepage.java:23)
	at Mystore.Mystore.Homepage.signtestcase(Homepage.java:23)
	at Mystore.Mystore.Homepage.signtestcase(Homepage.java:23)
	at Mystore.Mystore.Homepage.signtestcase(Homepage.java:23)
	at Mystore.Mystore.Homepage.signtestcase(Homepage.java:23)
	at Mystore.Mystore.Homepage.signtestcase(Homepage.java:23)
	at Mystore.Mystore.Homepage.signtestcase(Homepage.java:23)
	at Mystore.Mystore.Homepage.signtestcase(Homepage.java:23)
	at Mystore.Mystore.Homepage.signtestcase(Homepage.java:23)
	at Mystore.Mystore.Homepage.signtestcase(Homepage.java:23)
	at Mystore.Mystore.Homepage.signtestcase(Homepage.java:23)
	at Mystore.Mystore.Homepage.signtestcase(Homepage.java:23)
	at Mystore.Mystore.Homepage.signtestcase(Homepage.java:23)
	at Mystore.Mystore.Homepage.signtestcase(Homepage.java:23)
	at Mystore.Mystore.Homepage.signtestcase(Homepage.java:23)
	at Mystore.Mystore.Homepage.signtestcase(Homepage.java:23)
	at Mystore.Mystore.Homepage.signtestcase(Homepage.java:23)
	at Mystore.Mystore.Homepage.signtestcase(Homepage.java:23)
	at Mystore.Mystore.Homepage.signtestcase(Homepage.java:23)
	at Mystore.Mystore.Homepage.signtestcase(Homepage.java:23)
	at Mystore.Mystore.Homepage.signtestcase(Homepage.java:23)
	at Mystore.Mystore.Homepage.signtestcase(Homepage.java:23)
	at Mystore.Mystore.Homepage.signtestcase(Homepage.java:23)
	at Mystore.Mystore.Homepage.signtestcase(Homepage.java:23)
	at Mystore.Mystore.Homepage.signtestcase(Homepage.java:23)
	at Mystore.Mystore.Homepage.signtestcase(Homepage.java:23)
	at Mystore.Mystore.Homepage.signtestcase(Homepage.java:23)
	at Mystore.Mystore.Homepage.signtestcase(Homepage.java:23)
	at Mystore.Mystore.Homepage.signtestcase(Homepage.java:23)
	at Mystore.Mystore.Homepage.signtestcase(Homepage.java:23)
	at Mystore.Mystore.Homepage.signtestcase(Homepage.java:23)
	at Mystore.Mystore.Homepage.signtestcase(Homepage.java:23)
	at Mystore.Mystore.Homepage.signtestcase(Homepage.java:23)
	at Mystore.Mystore.Homepage.signtestcase(Homepage.java:23)
	at Mystore.Mystore.Homepage.signtestcase(Homepage.java:23)
	at Mystore.Mystore.Homepage.signtestcase(Homepage.java:23)
	at Mystore.Mystore.Homepage.signtestcase(Homepage.java:23)
	at Mystore.Mystore.Homepage.signtestcase(Homepage.java:23)
	at Mystore.Mystore.Homepage.signtestcase(Homepage.java:23)
	at Mystore.Mystore.Homepage.signtestcase(Homepage.java:23)
	at Mystore.Mystore.Homepage.signtestcase(Homepage.java:23)
	at Mystore.Mystore.Homepage.signtestcase(Homepage.java:23)
	at Mystore.Mystore.Homepage.signtestcase(Homepage.java:23)
	at Mystore.Mystore.Homepage.signtestcase(Homepage.java:23)
	at Mystore.Mystore.Homepage.signtestcase(Homepage.java:23)
	at Mystore.Mystore.Homepage.signtestcase(Homepage.java:23)
	at Mystore.Mystore.Homepage.signtestcase(Homepage.java:23)
	at Mystore.Mystore.Homepage.signtestcase(Homepage.java:23)
	at Mystore.Mystore.Homepage.signtestcase(Homepage.java:23)
	at Mystore.Mystore.Homepage.signtestcase(Homepage.java:23)
	at Mystore.Mystore.Homepage.signtestcase(Homepage.java:23)
	at Mystore.Mystore.Homepage.signtestcase(Homepage.java:23)
	at Mystore.Mystore.Homepage.signtestcase(Homepage.java:23)
	at Mystore.Mystore.Homepage.signtestcase(Homepage.java:23)
	at Mystore.Mystore.Homepage.signtestcase(Homepage.java:23)
	at Mystore.Mystore.Homepage.signtestcase(Homepage.java:23)
	at Mystore.Mystore.Homepage.signtestcase(Homepage.java:23)
	at Mystore.Mystore.Homepage.signtestcase(Homepage.java:23)
	at Mystore.Mystore.Homepage.signtestcase(Homepage.java:23)
	at Mystore.Mystore.Homepage.signtestcase(Homepage.java:23)
	at Mystore.Mystore.Homepage.signtestcase(Homepage.java:23)
	at Mystore.Mystore.Homepage.signtestcase(Homepage.java:23)
	at Mystore.Mystore.Homepage.signtestcase(Homepage.java:23)
	at Mystore.Mystore.Homepage.signtestcase(Homepage.java:23)
	at Mystore.Mystore.Homepage.signtestcase(Homepage.java:23)
	at Mystore.Mystore.Homepage.signtestcase(Homepage.java:23)
	at Mystore.Mystore.Homepage.signtestcase(Homepage.java:23)
	at Mystore.Mystore.Homepage.signtestcase(Homepage.java:23)
	at Mystore.Mystore.Homepage.signtestcase(Homepage.java:23)
	at Mystore.Mystore.Homepage.signtestcase(Homepage.java:23)
	at Mystore.Mystore.Homepage.signtestcase(Homepage.java:23)
	at Mystore.Mystore.Homepage.signtestcase(Homepage.java:23)
	at Mystore.Mystore.Homepage.signtestcase(Homepage.java:23)
	at Mystore.Mystore.Homepage.signtestcase(Homepage.java:23)
	at Mystore.Mystore.Homepage.signtestcase(Homepage.java:23)
	at Mystore.Mystore.Homepage.signtestcase(Homepage.java:23)
	at Mystore.Mystore.Homepage.signtestcase(Homepage.java:23)
	at Mystore.Mystore.Homepage.signtestcase(Homepage.java:23)
	at Mystore.Mystore.Homepage.signtestcase(Homepage.java:23)
	at Mystore.Mystore.Homepage.signtestcase(Homepage.java:23)
	at Mystore.Mystore.Homepage.signtestcase(Homepage.java:23)
	at Mystore.Mystore.Homepage.signtestcase(Homepage.java:23)
	at Mystore.Mystore.Homepage.signtestcase(Homepage.java:23)
	at Mystore.Mystore.Homepage.signtestcase(Homepage.java:23)
	at Mystore.Mystore.Homepage.signtestcase(Homepage.java:23)
	at Mystore.Mystore.Homepage.signtestcase(Homepage.java:23)
	at Mystore.Mystore.Homepage.signtestcase(Homepage.java:23)
	at Mystore.Mystore.Homepage.signtestcase(Homepage.java:23)
	at Mystore.Mystore.Homepage.signtestcase(Homepage.java:23)
	at Mystore.Mystore.Homepage.signtestcase(Homepage.java:23)
	at Mystore.Mystore.Homepage.signtestcase(Homepage.java:23)
	at Mystore.Mystore.Homepage.signtestcase(Homepage.java:23)
	at Mystore.Mystore.Homepage.signtestcase(Homepage.java:23)
	at Mystore.Mystore.Homepage.signtestcase(Homepage.java:23)
	at Mystore.Mystore.Homepage.signtestcase(Homepage.java:23)
	at Mystore.Mystore.Homepage.signtestcase(Homepage.java:23)
	at Mystore.Mystore.Homepage.signtestcase(Homepage.java:23)
	at Mystore.Mystore.Homepage.signtestcase(Homepage.java:23)
	at Mystore.Mystore.Homepage.signtestcase(Homepage.java:23)
	at Mystore.Mystore.Homepage.signtestcase(Homepage.java:23)
	at Mystore.Mystore.Homepage.signtestcase(Homepage.java:23)
	at Mystore.Mystore.Homepage.signtestcase(Homepage.java:23)
	at Mystore.Mystore.Homepage.signtestcase(Homepage.java:23)
	at Mystore.Mystore.Homepage.signtestcase(Homepage.java:23)
	at Mystore.Mystore.Homepage.signtestcase(Homepage.java:23)
	at Mystore.Mystore.Homepage.signtestcase(Homepage.java:23)
	at Mystore.Mystore.Homepage.signtestcase(Homepage.java:23)
	at Mystore.Mystore.Homepage.signtestcase(Homepage.java:23)
	at Mystore.Mystore.Homepage.signtestcase(Homepage.java:23)
	at Mystore.Mystore.Homepage.signtestcase(Homepage.java:23)
	at Mystore.Mystore.Homepage.signtestcase(Homepage.java:23)
	at Mystore.Mystore.Homepage.signtestcase(Homepage.java:23)
	at Mystore.Mystore.Homepage.signtestcase(Homepage.java:23)
	at Mystore.Mystore.Homepage.signtestcase(Homepage.java:23)
	at Mystore.Mystore.Homepage.signtestcase(Homepage.java:23)
	at Mystore.Mystore.Homepage.signtestcase(Homepage.java:23)
	at Mystore.Mystore.Homepage.signtestcase(Homepage.java:23)
	at Mystore.Mystore.Homepage.signtestcase(Homepage.java:23)
	at Mystore.Mystore.Homepage.signtestcase(Homepage.java:23)
	at Mystore.Mystore.Homepage.signtestcase(Homepage.java:23)
	at Mystore.Mystore.Homepage.signtestcase(Homepage.java:23)
	at Mystore.Mystore.Homepage.signtestcase(Homepage.java:23)
	at Mystore.Mystore.Homepage.signtestcase(Homepage.java:23)
	at Mystore.Mystore.Homepage.signtestcase(Homepage.java:23)
	at Mystore.Mystore.Homepage.signtestcase(Homepage.java:23)
	at Mystore.Mystore.Homepage.signtestcase(Homepage.java:23)
	at Mystore.Mystore.Homepage.signtestcase(Homepage.java:23)
	at Mystore.Mystore.Homepage.signtestcase(Homepage.java:23)
	at Mystore.Mystore.Homepage.signtestcase(Homepage.java:23)
	at Mystore.Mystore.Homepage.signtestcase(Homepage.java:23)
	at Mystore.Mystore.Homepage.signtestcase(Homepage.java:23)
	at Mystore.Mystore.Homepage.signtestcase(Homepage.java:23)
	at Mystore.Mystore.Homepage.signtestcase(Homepage.java:23)
	at Mystore.Mystore.Homepage.signtestcase(Homepage.java:23)
	at Mystore.Mystore.Homepage.signtestcase(Homepage.java:23)
	at Mystore.Mystore.Homepage.signtestcase(Homepage.java:23)
	at Mystore.Mystore.Homepage.signtestcase(Homepage.java:23)
	at Mystore.Mystore.Homepage.signtestcase(Homepage.java:23)
	at Mystore.Mystore.Homepage.signtestcase(Homepage.java:23)
	at Mystore.Mystore.Homepage.signtestcase(Homepage.java:23)
	at Mystore.Mystore.Homepage.signtestcase(Homepage.java:23)
	at Mystore.Mystore.Homepage.signtestcase(Homepage.java:23)
	at Mystore.Mystore.Homepage.signtestcase(Homepage.java:23)
	at Mystore.Mystore.Homepage.signtestcase(Homepage.java:23)
	at Mystore.Mystore.Homepage.signtestcase(Homepage.java:23)
	at Mystore.Mystore.Homepage.signtestcase(Homepage.java:23)
	at Mystore.Mystore.Homepage.signtestcase(Homepage.java:23)
	at Mystore.Mystore.Homepage.signtestcase(Homepage.java:23)
	at Mystore.Mystore.Homepage.signtestcase(Homepage.java:23)
	at Mystore.Mystore.Homepage.signtestcase(Homepage.java:23)
	at Mystore.Mystore.Homepage.signtestcase(Homepage.java:23)
	at Mystore.Mystore.Homepage.signtestcase(Homepage.java:23)
	at Mystore.Mystore.Homepage.signtestcase(Homepage.java:23)
	at Mystore.Mystore.Homepage.signtestcase(Homepage.java:23)
	at Mystore.Mystore.Homepage.signtestcase(Homepage.java:23)
	at Mystore.Mystore.Homepage.signtestcase(Homepage.java:23)
	at Mystore.Mystore.Homepage.signtestcase(Homepage.java:23)
	at Mystore.Mystore.Homepage.signtestcase(Homepage.java:23)
	at Mystore.Mystore.Homepage.signtestcase(Homepage.java:23)
	at Mystore.Mystore.Homepage.signtestcase(Homepage.java:23)
	at Mystore.Mystore.Homepage.signtestcase(Homepage.java:23)
	at Mystore.Mystore.Homepage.signtestcase(Homepage.java:23)
	at Mystore.Mystore.Homepage.signtestcase(Homepage.java:23)
	at Mystore.Mystore.Homepage.signtestcase(Homepage.java:23)
	at Mystore.Mystore.Homepage.signtestcase(Homepage.java:23)
	at Mystore.Mystore.Homepage.signtestcase(Homepage.java:23)
	at Mystore.Mystore.Homepage.signtestcase(Homepage.java:23)
	at Mystore.Mystore.Homepage.signtestcase(Homepage.java:23)
	at Mystore.Mystore.Homepage.signtestcase(Homepage.java:23)
	at Mystore.Mystore.Homepage.signtestcase(Homepage.java:23)
	at Mystore.Mystore.Homepage.signtestcase(Homepage.java:23)
	at Mystore.Mystore.Homepage.signtestcase(Homepage.java:23)
	at Mystore.Mystore.Homepage.signtestcase(Homepage.java:23)
	at Mystore.Mystore.Homepage.signtestcase(Homepage.java:23)
	at Mystore.Mystore.Homepage.signtestcase(Homepage.java:23)
	at Mystore.Mystore.Homepage.signtestcase(Homepage.java:23)
	at Mystore.Mystore.Homepage.signtestcase(Homepage.java:23)
	at Mystore.Mystore.Homepage.signtestcase(Homepage.java:23)
	at Mystore.Mystore.Homepage.signtestcase(Homepage.java:23)
	at Mystore.Mystore.Homepage.signtestcase(Homepage.java:23)
	at Mystore.Mystore.Homepage.signtestcase(Homepage.java:23)
	at Mystore.Mystore.Homepage.signtestcase(Homepage.java:23)
	at Mystore.Mystore.Homepage.signtestcase(Homepage.java:23)
	at Mystore.Mystore.Homepage.signtestcase(Homepage.java:23)
	at Mystore.Mystore.Homepage.signtestcase(Homepage.java:23)
	at Mystore.Mystore.Homepage.signtestcase(Homepage.java:23)
	at Mystore.Mystore.Homepage.signtestcase(Homepage.java:23)
	at Mystore.Mystore.Homepage.signtestcase(Homepage.java:23)
	at Mystore.Mystore.Homepage.signtestcase(Homepage.java:23)
	at Mystore.Mystore.Homepage.signtestcase(Homepage.java:23)
	at Mystore.Mystore.Homepage.signtestcase(Homepage.java:23)
	at Mystore.Mystore.Homepage.signtestcase(Homepage.java:23)
	at Mystore.Mystore.Homepage.signtestcase(Homepage.java:23)
	at Mystore.Mystore.Homepage.signtestcase(Homepage.java:23)
	at Mystore.Mystore.Homepage.signtestcase(Homepage.java:23)
	at Mystore.Mystore.Homepage.signtestcase(Homepage.java:23)
	at Mystore.Mystore.Homepage.signtestcase(Homepage.java:23)
	at Mystore.Mystore.Homepage.signtestcase(Homepage.java:23)
	at Mystore.Mystore.Homepage.signtestcase(Homepage.java:23)
	at Mystore.Mystore.Homepage.signtestcase(Homepage.java:23)
	at Mystore.Mystore.Homepage.signtestcase(Homepage.java:23)
	at Mystore.Mystore.Homepage.signtestcase(Homepage.java:23)
	at Mystore.Mystore.Homepage.signtestcase(Homepage.java:23)
	at Mystore.Mystore.Homepage.signtestcase(Homepage.java:23)
	at Mystore.Mystore.Homepage.signtestcase(Homepage.java:23)
	at Mystore.Mystore.Homepage.signtestcase(Homepage.java:23)
	at Mystore.Mystore.Homepage.signtestcase(Homepage.java:23)
	at Mystore.Mystore.Homepage.signtestcase(Homepage.java:23)
	at Mystore.Mystore.Homepage.signtestcase(Homepage.java:23)
	at Mystore.Mystore.Homepage.signtestcase(Homepage.java:23)
	at Mystore.Mystore.Homepage.signtestcase(Homepage.java:23)
	at Mystore.Mystore.Homepage.signtestcase(Homepage.java:23)
	at Mystore.Mystore.Homepage.signtestcase(Homepage.java:23)
	at Mystore.Mystore.Homepage.signtestcase(Homepage.java:23)
	at Mystore.Mystore.Homepage.signtestcase(Homepage.java:23)
	at Mystore.Mystore.Homepage.signtestcase(Homepage.java:23)
	at Mystore.Mystore.Homepage.signtestcase(Homepage.java:23)
	at Mystore.Mystore.Homepage.signtestcase(Homepage.java:23)
	at Mystore.Mystore.Homepage.signtestcase(Homepage.java:23)
	at Mystore.Mystore.Homepage.signtestcase(Homepage.java:23)
	at Mystore.Mystore.Homepage.signtestcase(Homepage.java:23)
	at Mystore.Mystore.Homepage.signtestcase(Homepage.java:23)
	at Mystore.Mystore.Homepage.signtestcase(Homepage.java:23)
	at Mystore.Mystore.Homepage.signtestcase(Homepage.java:23)
	at Mystore.Mystore.Homepage.signtestcase(Homepage.java:23)
	at Mystore.Mystore.Homepage.signtestcase(Homepage.java:23)
	at Mystore.Mystore.Homepage.signtestcase(Homepage.java:23)
	at Mystore.Mystore.Homepage.signtestcase(Homepage.java:23)
	at Mystore.Mystore.Homepage.signtestcase(Homepage.java:23)
	at Mystore.Mystore.Homepage.signtestcase(Homepage.java:23)
	at Mystore.Mystore.Homepage.signtestcase(Homepage.java:23)
	at Mystore.Mystore.Homepage.signtestcase(Homepage.java:23)
	at Mystore.Mystore.Homepage.signtestcase(Homepage.java:23)
	at Mystore.Mystore.Homepage.signtestcase(Homepage.java:23)
	at Mystore.Mystore.Homepage.signtestcase(Homepage.java:23)
	at Mystore.Mystore.Homepage.signtestcase(Homepage.java:23)
	at Mystore.Mystore.Homepage.signtestcase(Homepage.java:23)
	at Mystore.Mystore.Homepage.signtestcase(Homepage.java:23)
	at Mystore.Mystore.Homepage.signtestcase(Homepage.java:23)
	at Mystore.Mystore.Homepage.signtestcase(Homepage.java:23)
	at Mystore.Mystore.Homepage.signtestcase(Homepage.java:23)
	at Mystore.Mystore.Homepage.signtestcase(Homepage.java:23)
	at Mystore.Mystore.Homepage.signtestcase(Homepage.java:23)
	at Mystore.Mystore.Homepage.signtestcase(Homepage.java:23)
	at Mystore.Mystore.Homepage.signtestcase(Homepage.java:23)
	at Mystore.Mystore.Homepage.signtestcase(Homepage.java:23)
	at Mystore.Mystore.Homepage.signtestcase(Homepage.java:23)
	at Mystore.Mystore.Homepage.signtestcase(Homepage.java:23)
	at Mystore.Mystore.Homepage.signtestcase(Homepage.java:23)
	at Mystore.Mystore.Homepage.signtestcase(Homepage.java:23)
	at Mystore.Mystore.Homepage.signtestcase(Homepage.java:23)
	at Mystore.Mystore.Homepage.signtestcase(Homepage.java:23)
	at Mystore.Mystore.Homepage.signtestcase(Homepage.java:23)
	at Mystore.Mystore.Homepage.signtestcase(Homepage.java:23)
	at Mystore.Mystore.Homepage.signtestcase(Homepage.java:23)
	at Mystore.Mystore.Homepage.signtestcase(Homepage.java:23)
	at Mystore.Mystore.Homepage.signtestcase(Homepage.java:23)
	at Mystore.Mystore.Homepage.signtestcase(Homepage.java:23)
	at Mystore.Mystore.Homepage.signtestcase(Homepage.java:23)
	at Mystore.Mystore.Homepage.signtestcase(Homepage.java:23)
	at Mystore.Mystore.Homepage.signtestcase(Homepage.java:23)
	at Mystore.Mystore.Homepage.signtestcase(Homepage.java:23)
	at Mystore.Mystore.Homepage.signtestcase(Homepage.java:23)
	at Mystore.Mystore.Homepage.signtestcase(Homepage.java:23)
	at Mystore.Mystore.Homepage.signtestcase(Homepage.java:23)
	at Mystore.Mystore.Homepage.signtestcase(Homepage.java:23)
	at Mystore.Mystore.Homepage.signtestcase(Homepage.java:23)
	at Mystore.Mystore.Homepage.signtestcase(Homepage.java:23)
	at Mystore.Mystore.Homepage.signtestcase(Homepage.java:23)
	at Mystore.Mystore.Homepage.signtestcase(Homepage.java:23)
	at Mystore.Mystore.Homepage.signtestcase(Homepage.java:23)
	at Mystore.Mystore.Homepage.signtestcase(Homepage.java:23)
	at Mystore.Mystore.Homepage.signtestcase(Homepage.java:23)
	at Mystore.Mystore.Homepage.signtestcase(Homepage.java:23)
	at Mystore.Mystore.Homepage.signtestcase(Homepage.java:23)
	at Mystore.Mystore.Homepage.signtestcase(Homepage.java:23)
	at Mystore.Mystore.Homepage.signtestcase(Homepage.java:23)
	at Mystore.Mystore.Homepage.signtestcase(Homepage.java:23)
	at Mystore.Mystore.Homepage.signtestcase(Homepage.java:23)
	at Mystore.Mystore.Homepage.signtestcase(Homepage.java:23)
	at Mystore.Mystore.Homepage.signtestcase(Homepage.java:23)
	at Mystore.Mystore.Homepage.signtestcase(Homepage.java:23)
	at Mystore.Mystore.Homepage.signtestcase(Homepage.java:23)
	at Mystore.Mystore.Homepage.signtestcase(Homepage.java:23)
	at Mystore.Mystore.Homepage.signtestcase(Homepage.java:23)
	at Mystore.Mystore.Homepage.signtestcase(Homepage.java:23)
	at Mystore.Mystore.Homepage.signtestcase(Homepage.java:23)
	at Mystore.Mystore.Homepage.signtestcase(Homepage.java:23)
	at Mystore.Mystore.Homepage.signtestcase(Homepage.java:23)
	at Mystore.Mystore.Homepage.signtestcase(Homepage.java:23)
	at Mystore.Mystore.Homepage.signtestcase(Homepage.java:23)
	at Mystore.Mystore.Homepage.signtestcase(Homepage.java:23)
	at Mystore.Mystore.Homepage.signtestcase(Homepage.java:23)
	at Mystore.Mystore.Homepage.signtestcase(Homepage.java:23)
	at Mystore.Mystore.Homepage.signtestcase(Homepage.java:23)
	at Mystore.Mystore.Homepage.signtestcase(Homepage.java:23)
	at Mystore.Mystore.Homepage.signtestcase(Homepage.java:23)
	at Mystore.Mystore.Homepage.signtestcase(Homepage.java:23)
	at Mystore.Mystore.Homepage.signtestcase(Homepage.java:23)
	at Mystore.Mystore.Homepage.signtestcase(Homepage.java:23)
	at Mystore.Mystore.Homepage.signtestcase(Homepage.java:23)
	at Mystore.Mystore.Homepage.signtestcase(Homepage.java:23)
	at Mystore.Mystore.Homepage.signtestcase(Homepage.java:23)
	at Mystore.Mystore.Homepage.signtestcase(Homepage.java:23)
	at Mystore.Mystore.Homepage.signtestcase(Homepage.java:23)
	at Mystore.Mystore.Homepage.signtestcase(Homepage.java:23)
	at Mystore.Mystore.Homepage.signtestcase(Homepage.java:23)
	at Mystore.Mystore.Homepage.signtestcase(Homepage.java:23)
	at Mystore.Mystore.Homepage.signtestcase(Homepage.java:23)
	at Mystore.Mystore.Homepage.signtestcase(Homepage.java:23)
	at Mystore.Mystore.Homepage.signtestcase(Homepage.java:23)
	at Mystore.Mystore.Homepage.signtestcase(Homepage.java:23)
	at Mystore.Mystore.Homepage.signtestcase(Homepage.java:23)
	at Mystore.Mystore.Homepage.signtestcase(Homepage.java:23)
	at Mystore.Mystore.Homepage.signtestcase(Homepage.java:23)
	at Mystore.Mystore.Homepage.signtestcase(Homepage.java:23)
	at Mystore.Mystore.Homepage.signtestcase(Homepage.java:23)
	at Mystore.Mystore.Homepage.signtestcase(Homepage.java:23)
	at Mystore.Mystore.Homepage.signtestcase(Homepage.java:23)
	at Mystore.Mystore.Homepage.signtestcase(Homepage.java:23)
	at Mystore.Mystore.Homepage.signtestcase(Homepage.java:23)
	at Mystore.Mystore.Homepage.signtestcase(Homepage.java:23)
	at Mystore.Mystore.Homepage.signtestcase(Homepage.java:23)
	at Mystore.Mystore.Homepage.signtestcase(Homepage.java:23)
	at Mystore.Mystore.Homepage.signtestcase(Homepage.java:23)
	at Mystore.Mystore.Homepage.signtestcase(Homepage.java:23)
	at Mystore.Mystore.Homepage.signtestcase(Homepage.java:23)
	at Mystore.Mystore.Homepage.signtestcase(Homepage.java:23)
	at Mystore.Mystore.Homepage.signtestcase(Homepage.java:23)
	at Mystore.Mystore.Homepage.signtestcase(Homepage.java:23)
	at Mystore.Mystore.Homepage.signtestcase(Homepage.java:23)
	at Mystore.Mystore.Homepage.signtestcase(Homepage.java:23)
	at Mystore.Mystore.Homepage.signtestcase(Homepage.java:23)
	at Mystore.Mystore.Homepage.signtestcase(Homepage.java:23)
	at Mystore.Mystore.Homepage.signtestcase(Homepage.java:23)
	at Mystore.Mystore.Homepage.signtestcase(Homepage.java:23)
	at Mystore.Mystore.Homepage.signtestcase(Homepage.java:23)
	at Mystore.Mystore.Homepage.signtestcase(Homepage.java:23)
	at Mystore.Mystore.Homepage.signtestcase(Homepage.java:23)
	at Mystore.Mystore.Homepage.signtestcase(Homepage.java:23)
	at Mystore.Mystore.Homepage.signtestcase(Homepage.java:23)
	at Mystore.Mystore.Homepage.signtestcase(Homepage.java:23)
	at Mystore.Mystore.Homepage.signtestcase(Homepage.java:23)
	at Mystore.Mystore.Homepage.signtestcase(Homepage.java:23)
	at Mystore.Mystore.Homepage.signtestcase(Homepage.java:23)
	at Mystore.Mystore.Homepage.signtestcase(Homepage.java:23)
	at Mystore.Mystore.Homepage.signtestcase(Homepage.java:23)
	at Mystore.Mystore.Homepage.signtestcase(Homepage.java:23)
	at Mystore.Mystore.Homepage.signtestcase(Homepage.java:23)
	at Mystore.Mystore.Homepage.signtestcase(Homepage.java:23)
	at Mystore.Mystore.Homepage.signtestcase(Homepage.java:23)
	at Mystore.Mystore.Homepage.signtestcase(Homepage.java:23)
	at Mystore.Mystore.Homepage.signtestcase(Homepage.java:23)
	at Mystore.Mystore.Homepage.signtestcase(Homepage.java:23)
	at Mystore.Mystore.Homepage.signtestcase(Homepage.java:23)
	at Mystore.Mystore.Homepage.signtestcase(Homepage.java:23)
	at Mystore.Mystore.Homepage.signtestcase(Homepage.java:23)
	at Mystore.Mystore.Homepage.signtestcase(Homepage.java:23)
	at Mystore.Mystore.Homepage.signtestcase(Homepage.java:23)
	at Mystore.Mystore.Homepage.signtestcase(Homepage.java:23)
	at Mystore.Mystore.Homepage.signtestcase(Homepage.java:23)
	at Mystore.Mystore.Homepage.signtestcase(Homepage.java:23)
	at Mystore.Mystore.Homepage.signtestcase(Homepage.java:23)
	at Mystore.Mystore.Homepage.signtestcase(Homepage.java:23)
	at Mystore.Mystore.Homepage.signtestcase(Homepage.java:23)
	at Mystore.Mystore.Homepage.signtestcase(Homepage.java:23)
	at Mystore.Mystore.Homepage.signtestcase(Homepage.java:23)
	at Mystore.Mystore.Homepage.signtestcase(Homepage.java:23)
	at Mystore.Mystore.Homepage.signtestcase(Homepage.java:23)
	at Mystore.Mystore.Homepage.signtestcase(Homepage.java:23)
	at Mystore.Mystore.Homepage.signtestcase(Homepage.java:23)
	at Mystore.Mystore.Homepage.signtestcase(Homepage.java:23)
	at Mystore.Mystore.Homepage.signtestcase(Homepage.java:23)
	at Mystore.Mystore.Homepage.signtestcase(Homepage.java:23)
	at Mystore.Mystore.Homepage.signtestcase(Homepage.java:23)
	at Mystore.Mystore.Homepage.signtestcase(Homepage.java:23)
	at Mystore.Mystore.Homepage.signtestcase(Homepage.java:23)
	at Mystore.Mystore.Homepage.signtestcase(Homepage.java:23)
	at Mystore.Mystore.Homepage.signtestcase(Homepage.java:23)
	at Mystore.Mystore.Homepage.signtestcase(Homepage.java:23)
	at Mystore.Mystore.Homepage.signtestcase(Homepage.java:23)
	at Mystore.Mystore.Homepage.signtestcase(Homepage.java:23)
	at Mystore.Mystore.Homepage.signtestcase(Homepage.java:23)
	at Mystore.Mystore.Homepage.signtestcase(Homepage.java:23)
	at Mystore.Mystore.Homepage.signtestcase(Homepage.java:23)
	at Mystore.Mystore.Homepage.signtestcase(Homepage.java:23)
	at Mystore.Mystore.Homepage.signtestcase(Homepage.java:23)
	at Mystore.Mystore.Homepage.signtestcase(Homepage.java:23)
	at Mystore.Mystore.Homepage.signtestcase(Homepage.java:23)
	at Mystore.Mystore.Homepage.signtestcase(Homepage.java:23)
	at Mystore.Mystore.Homepage.signtestcase(Homepage.java:23)
	at Mystore.Mystore.Homepage.signtestcase(Homepage.java:23)
	at Mystore.Mystore.Homepage.signtestcase(Homepage.java:23)
	at Mystore.Mystore.Homepage.signtestcase(Homepage.java:23)
	at Mystore.Mystore.Homepage.signtestcase(Homepage.java:23)
	at Mystore.Mystore.Homepage.signtestcase(Homepage.java:23)
	at Mystore.Mystore.Homepage.signtestcase(Homepage.java:23)
	at Mystore.Mystore.Homepage.signtestcase(Homepage.java:23)
	at Mystore.Mystore.Homepage.signtestcase(Homepage.java:23)
	at Mystore.Mystore.Homepage.signtestcase(Homepage.java:23)
	at Mystore.Mystore.Homepage.signtestcase(Homepage.java:23)
	at Mystore.Mystore.Homepage.signtestcase(Homepage.java:23)
	at Mystore.Mystore.Homepage.signtestcase(Homepage.java:23)
	at Mystore.Mystore.Homepage.signtestcase(Homepage.java:23)
	at Mystore.Mystore.Homepage.signtestcase(Homepage.java:23)
	at Mystore.Mystore.Homepage.signtestcase(Homepage.java:23)
	at Mystore.Mystore.Homepage.signtestcase(Homepage.java:23)
	at Mystore.Mystore.Homepage.signtestcase(Homepage.java:23)
	at Mystore.Mystore.Homepage.signtestcase(Homepage.java:23)
	at Mystore.Mystore.Homepage.signtestcase(Homepage.java:23)
	at Mystore.Mystore.Homepage.signtestcase(Homepage.java:23)
	at Mystore.Mystore.Homepage.signtestcase(Homepage.java:23)
	at Mystore.Mystore.Homepage.signtestcase(Homepage.java:23)
	at Mystore.Mystore.Homepage.signtestcase(Homepage.java:23)
	at Mystore.Mystore.Homepage.signtestcase(Homepage.java:23)
	at Mystore.Mystore.Homepage.signtestcase(Homepage.java:23)
	at Mystore.Mystore.Homepage.signtestcase(Homepage.java:23)
	at Mystore.Mystore.Homepage.signtestcase(Homepage.java:23)
	at Mystore.Mystore.Homepage.signtestcase(Homepage.java:23)
	at Mystore.Mystore.Homepage.signtestcase(Homepage.java:23)
	at Mystore.Mystore.Homepage.signtestcase(Homepage.java:23)
	at Mystore.Mystore.Homepage.signtestcase(Homepage.java:23)
	at Mystore.Mystore.Homepage.signtestcase(Homepage.java:23)
	at Mystore.Mystore.Homepage.signtestcase(Homepage.java:23)
	at Mystore.Mystore.Homepage.signtestcase(Homepage.java:23)
	at Mystore.Mystore.Homepage.signtestcase(Homepage.java:23)
	at Mystore.Mystore.Homepage.signtestcase(Homepage.java:23)
	at Mystore.Mystore.Homepage.signtestcase(Homepage.java:23)
	at Mystore.Mystore.Homepage.signtestcase(Homepage.java:23)
	at Mystore.Mystore.Homepage.signtestcase(Homepage.java:23)
	at Mystore.Mystore.Homepage.signtestcase(Homepage.java:23)
	at Mystore.Mystore.Homepage.signtestcase(Homepage.java:23)
	at Mystore.Mystore.Homepage.signtestcase(Homepage.java:23)
	at Mystore.Mystore.Homepage.signtestcase(Homepage.java:23)
	at Mystore.Mystore.Homepage.signtestcase(Homepage.java:23)
	at Mystore.Mystore.Homepage.signtestcase(Homepage.java:23)
	at Mystore.Mystore.Homepage.signtestcase(Homepage.java:23)
	at Mystore.Mystore.Homepage.signtestcase(Homepage.java:23)
	at Mystore.Mystore.Homepage.signtestcase(Homepage.java:23)
	at Mystore.Mystore.Homepage.signtestcase(Homepage.java:23)
	at Mystore.Mystore.Homepage.signtestcase(Homepage.java:23)
	at Mystore.Mystore.Homepage.signtestcase(Homepage.java:23)
	at Mystore.Mystore.Homepage.signtestcase(Homepage.java:23)
	at Mystore.Mystore.Homepage.signtestcase(Homepage.java:23)
	at Mystore.Mystore.Homepage.signtestcase(Homepage.java:23)
	at Mystore.Mystore.Homepage.signtestcase(Homepage.java:23)
	at Mystore.Mystore.Homepage.signtestcase(Homepage.java:23)
	at Mystore.Mystore.Homepage.signtestcase(Homepage.java:23)
	at Mystore.Mystore.Homepage.signtestcase(Homepage.java:23)
	at Mystore.Mystore.Homepage.signtestcase(Homepage.java:23)
	at Mystore.Mystore.Homepage.signtestcase(Homepage.java:23)
	at Mystore.Mystore.Homepage.signtestcase(Homepage.java:23)
	at Mystore.Mystore.Homepage.signtestcase(Homepage.java:23)
	at Mystore.Mystore.Homepage.signtestcase(Homepage.java:23)
	at Mystore.Mystore.Homepage.signtestcase(Homepage.java:23)
	at Mystore.Mystore.Homepage.signtestcase(Homepage.java:23)
	at Mystore.Mystore.Homepage.signtestcase(Homepage.java:23)
	at Mystore.Mystore.Homepage.signtestcase(Homepage.java:23)
	at Mystore.Mystore.Homepage.signtestcase(Homepage.java:23)
	at Mystore.Mystore.Homepage.signtestcase(Homepage.java:23)
	at Mystore.Mystore.Homepage.signtestcase(Homepage.java:23)
	at Mystore.Mystore.Homepage.signtestcase(Homepage.java:23)
	at Mystore.Mystore.Homepage.signtestcase(Homepage.java:23)
	at Mystore.Mystore.Homepage.signtestcase(Homepage.java:23)
	at Mystore.Mystore.Homepage.signtestcase(Homepage.java:23)
	at Mystore.Mystore.Homepage.signtestcase(Homepage.java:23)
	at Mystore.Mystore.Homepage.signtestcase(Homepage.java:23)
	at Mystore.Mystore.Homepage.signtestcase(Homepage.java:23)
	at Mystore.Mystore.Homepage.signtestcase(Homepage.java:23)
	at Mystore.Mystore.Homepage.signtestcase(Homepage.java:23)
	at Mystore.Mystore.Homepage.signtestcase(Homepage.java:23)
	at Mystore.Mystore.Homepage.signtestcase(Homepage.java:23)
	at Mystore.Mystore.Homepage.signtestcase(Homepage.java:23)
	at Mystore.Mystore.Homepage.signtestcase(Homepage.java:23)
	at Mystore.Mystore.Homepage.signtestcase(Homepage.java:23)
	at Mystore.Mystore.Homepage.signtestcase(Homepage.java:23)
	at Mystore.Mystore.Homepage.signtestcase(Homepage.java:23)
	at Mystore.Mystore.Homepage.signtestcase(Homepage.java:23)
	at Mystore.Mystore.Homepage.signtestcase(Homepage.java:23)
	at Mystore.Mystore.Homepage.signtestcase(Homepage.java:23)
	at Mystore.Mystore.Homepage.signtestcase(Homepage.java:23)
	at Mystore.Mystore.Homepage.signtestcase(Homepage.java:23)
	at Mystore.Mystore.Homepage.signtestcase(Homepage.java:23)
	at Mystore.Mystore.Homepage.signtestcase(Homepage.java:23)
	at Mystore.Mystore.Homepage.signtestcase(Homepage.java:23)
	at Mystore.Mystore.Homepage.signtestcase(Homepage.java:23)
	at Mystore.Mystore.Homepage.signtestcase(Homepage.java:23)
	at Mystore.Mystore.Homepage.signtestcase(Homepage.java:23)
	at Mystore.Mystore.Homepage.signtestcase(Homepage.java:23)
	at Mystore.Mystore.Homepage.signtestcase(Homepage.java:23)
	at Mystore.Mystore.Homepage.signtestcase(Homepage.java:23)
	at Mystore.Mystore.Homepage.signtestcase(Homepage.java:23)
	at Mystore.Mystore.Homepage.signtestcase(Homepage.java:23)
	at Mystore.Mystore.Homepage.signtestcase(Homepage.java:23)
	at Mystore.Mystore.Homepage.signtestcase(Homepage.java:23)
	at Mystore.Mystore.Homepage.signtestcase(Homepage.java:23)
	at Mystore.Mystore.Homepage.signtestcase(Homepage.java:23)
	at Mystore.Mystore.Homepage.signtestcase(Homepage.java:23)
	at Mystore.Mystore.Homepage.signtestcase(Homepage.java:23)
	at Mystore.Mystore.Homepage.signtestcase(Homepage.java:23)
	at Mystore.Mystore.Homepage.signtestcase(Homepage.java:23)
	at Mystore.Mystore.Homepage.signtestcase(Homepage.java:23)
	at Mystore.Mystore.Homepage.signtestcase(Homepage.java:23)
	at Mystore.Mystore.Homepage.signtestcase(Homepage.java:23)
	at Mystore.Mystore.Homepage.signtestcase(Homepage.java:23)
	at Mystore.Mystore.Homepage.signtestcase(Homepage.java:23)
	at Mystore.Mystore.Homepage.signtestcase(Homepage.java:23)
	at Mystore.Mystore.Homepage.signtestcase(Homepage.java:23)
	at Mystore.Mystore.Homepage.signtestcase(Homepage.java:23)
	at Mystore.Mystore.Homepage.signtestcase(Homepage.java:23)
	at Mystore.Mystore.Homepage.signtestcase(Homepage.java:23)
	at Mystore.Mystore.Homepage.signtestcase(Homepage.java:23)
	at Mystore.Mystore.Homepage.signtestcase(Homepage.java:23)
	at Mystore.Mystore.Homepage.signtestcase(Homepage.java:23)
	at Mystore.Mystore.Homepage.signtestcase(Homepage.java:23)
	at Mystore.Mystore.Homepage.signtestcase(Homepage.java:23)
	at Mystore.Mystore.Homepage.signtestcase(Homepage.java:23)
	at Mystore.Mystore.Homepage.signtestcase(Homepage.java:23)
	at Mystore.Mystore.Homepage.signtestcase(Homepage.java:23)
	at Mystore.Mystore.Homepage.signtestcase(Homepage.java:23)
	at Mystore.Mystore.Homepage.signtestcase(Homepage.java:23)
	at Mystore.Mystore.Homepage.signtestcase(Homepage.java:23)
	at Mystore.Mystore.Homepage.signtestcase(Homepage.java:23)
	at Mystore.Mystore.Homepage.signtestcase(Homepage.java:23)
	at Mystore.Mystore.Homepage.signtestcase(Homepage.java:23)
	at Mystore.Mystore.Homepage.signtestcase(Homepage.java:23)
	at Mystore.Mystore.Homepage.signtestcase(Homepage.java:23)
	at Mystore.Mystore.Homepage.signtestcase(Homepage.java:23)
	at Mystore.Mystore.Homepage.signtestcase(Homepage.java:23)
	at Mystore.Mystore.Homepage.signtestcase(Homepage.java:23)
	at Mystore.Mystore.Homepage.signtestcase(Homepage.java:23)
	at Mystore.Mystore.Homepage.signtestcase(Homepage.java:23)
	at Mystore.Mystore.Homepage.signtestcase(Homepage.java:23)
	at Mystore.Mystore.Homepage.signtestcase(Homepage.java:23)
	at Mystore.Mystore.Homepage.signtestcase(Homepage.java:23)
	at Mystore.Mystore.Homepage.signtestcase(Homepage.java:23)
	at Mystore.Mystore.Homepage.signtestcase(Homepage.java:23)
	at Mystore.Mystore.Homepage.signtestcase(Homepage.java:23)
	at Mystore.Mystore.Homepage.signtestcase(Homepage.java:23)
	at Mystore.Mystore.Homepage.signtestcase(Homepage.java:23)
	at Mystore.Mystore.Homepage.signtestcase(Homepage.java:23)
	at Mystore.Mystore.Homepage.signtestcase(Homepage.java:23)
	at Mystore.Mystore.Homepage.signtestcase(Homepage.java:23)
	at Mystore.Mystore.Homepage.signtestcase(Homepage.java:23)
	at Mystore.Mystore.Homepage.signtestcase(Homepage.java:23)
	at Mystore.Mystore.Homepage.signtestcase(Homepage.java:23)
	at Mystore.Mystore.Homepage.signtestcase(Homepage.java:23)
	at Mystore.Mystore.Homepage.signtestcase(Homepage.java:23)
	at Mystore.Mystore.Homepage.signtestcase(Homepage.java:23)
	at Mystore.Mystore.Homepage.signtestcase(Homepage.java:23)
	at Mystore.Mystore.Homepage.signtestcase(Homepage.java:23)
	at Mystore.Mystore.Homepage.signtestcase(Homepage.java:23)
	at Mystore.Mystore.Homepage.signtestcase(Homepage.java:23)
	at Mystore.Mystore.Homepage.signtestcase(Homepage.java:23)
	at Mystore.Mystore.Homepage.signtestcase(Homepage.java:23)
	at Mystore.Mystore.Homepage.signtestcase(Homepage.java:23)
	at Mystore.Mystore.Homepage.signtestcase(Homepage.java:23)
	at Mystore.Mystore.Homepage.signtestcase(Homepage.java:23)
	at Mystore.Mystore.Homepage.signtestcase(Homepage.java:23)
	at Mystore.Mystore.Homepage.signtestcase(Homepage.java:23)
	at Mystore.Mystore.Homepage.signtestcase(Homepage.java:23)
	at Mystore.Mystore.Homepage.signtestcase(Homepage.java:23)
	at Mystore.Mystore.Homepage.signtestcase(Homepage.java:23)
	at Mystore.Mystore.Homepage.signtestcase(Homepage.java:23)
	at Mystore.Mystore.Homepage.signtestcase(Homepage.java:23)
	at Mystore.Mystore.Homepage.signtestcase(Homepage.java:23)
	at Mystore.Mystore.Homepage.signtestcase(Homepage.java:23)
	at Mystore.Mystore.Homepage.signtestcase(Homepage.java:23)
	at Mystore.Mystore.Homepage.signtestcase(Homepage.java:23)
	at Mystore.Mystore.Homepage.signtestcase(Homepage.java:23)
	at Mystore.Mystore.Homepage.signtestcase(Homepage.java:23)
	at Mystore.Mystore.Homepage.signtestcase(Homepage.java:23)
	at Mystore.Mystore.Homepage.signtestcase(Homepage.java:23)
	at Mystore.Mystore.Homepage.signtestcase(Homepage.java:23)
	at Mystore.Mystore.Homepage.signtestcase(Homepage.java:23)
	at Mystore.Mystore.Homepage.signtestcase(Homepage.java:23)
	at Mystore.Mystore.Homepage.signtestcase(Homepage.java:23)
	at Mystore.Mystore.Homepage.signtestcase(Homepage.java:23)
	at Mystore.Mystore.Homepage.signtestcase(Homepage.java:23)
	at Mystore.Mystore.Homepage.signtestcase(Homepage.java:23)
	at Mystore.Mystore.Homepage.signtestcase(Homepage.java:23)
	at Mystore.Mystore.Homepage.signtestcase(Homepage.java:23)
	at Mystore.Mystore.Homepage.signtestcase(Homepage.java:23)
	at Mystore.Mystore.Homepage.signtestcase(Homepage.java:23)
	at Mystore.Mystore.Homepage.signtestcase(Homepage.java:23)
	at Mystore.Mystore.Homepage.signtestcase(Homepage.java:23)
	at Mystore.Mystore.Homepage.signtestcase(Homepage.java:23)
	at Mystore.Mystore.Homepage.signtestcase(Homepage.java:23)
	at Mystore.Mystore.Homepage.signtestcase(Homepage.java:23)
	at Mystore.Mystore.Homepage.signtestcase(Homepage.java:23)
	at Mystore.Mystore.Homepage.signtestcase(Homepage.java:23)
	at Mystore.Mystore.Homepage.signtestcase(Homepage.java:23)
	at Mystore.Mystore.Homepage.signtestcase(Homepage.java:23)
	at Mystore.Mystore.Homepage.signtestcase(Homepage.java:23)
	at Mystore.Mystore.Homepage.signtestcase(Homepage.java:23)
	at Mystore.Mystore.Homepage.signtestcase(Homepage.java:23)
	at Mystore.Mystore.Homepage.signtestcase(Homepage.java:23)
	at Mystore.Mystore.Homepage.signtestcase(Homepage.java:23)
	at Mystore.Mystore.Homepage.signtestcase(Homepage.java:23)
	at Mystore.Mystore.Homepage.signtestcase(Homepage.java:23)
	at Mystore.Mystore.Homepage.signtestcase(Homepage.java:23)
	at Mystore.Mystore.Homepage.signtestcase(Homepage.java:23)
	at Mystore.Mystore.Homepage.signtestcase(Homepage.java:23)
	at Mystore.Mystore.Homepage.signtestcase(Homepage.java:23)
	at Mystore.Mystore.Homepage.signtestcase(Homepage.java:23)
	at Mystore.Mystore.Homepage.signtestcase(Homepage.java:23)
	at Mystore.Mystore.Homepage.signtestcase(Homepage.java:23)
	at Mystore.Mystore.Homepage.signtestcase(Homepage.java:23)
	at Mystore.Mystore.Homepage.signtestcase(Homepage.java:23)
	at Mystore.Mystore.Homepage.signtestcase(Homepage.java:23)
	at Mystore.Mystore.Homepage.signtestcase(Homepage.java:23)
	at Mystore.Mystore.Homepage.signtestcase(Homepage.java:23)
	at Mystore.Mystore.Homepage.signtestcase(Homepage.java:23)
	at Mystore.Mystore.Homepage.signtestcase(Homepage.java:23)
	at Mystore.Mystore.Homepage.signtestcase(Homepage.java:23)
	at Mystore.Mystore.Homepage.signtestcase(Homepage.java:23)
	at Mystore.Mystore.Homepage.signtestcase(Homepage.java:23)
	at Mystore.Mystore.Homepage.signtestcase(Homepage.java:23)
	at Mystore.Mystore.Homepage.signtestcase(Homepage.java:23)
	at Mystore.Mystore.Homepage.signtestcase(Homepage.java:23)
	at Mystore.Mystore.Homepage.signtestcase(Homepage.java:23)
	at Mystore.Mystore.Homepage.signtestcase(Homepage.java:23)
	at Mystore.Mystore.Homepage.signtestcase(Homepage.java:23)
	at Mystore.Mystore.Homepage.signtestcase(Homepage.java:23)
	at Mystore.Mystore.Homepage.signtestcase(Homepage.java:23)
	at Mystore.Mystore.Homepage.signtestcase(Homepage.java:23)
	at Mystore.Mystore.Homepage.signtestcase(Homepage.java:23)
	at Mystore.Mystore.Homepage.signtestcase(Homepage.java:23)
	at Mystore.Mystore.Homepage.signtestcase(Homepage.java:23)
	at Mystore.Mystore.Homepage.signtestcase(Homepage.java:23)
	at Mystore.Mystore.Homepage.signtestcase(Homepage.java:23)
	at Mystore.Mystore.Homepage.signtestcase(Homepage.java:23)
	at Mystore.Mystore.Homepage.signtestcase(Homepage.java:23)
	at Mystore.Mystore.Homepage.signtestcase(Homepage.java:23)
	at Mystore.Mystore.Homepage.signtestcase(Homepage.java:23)
	at Mystore.Mystore.Homepage.signtestcase(Homepage.java:23)
	at Mystore.Mystore.Homepage.signtestcase(Homepage.java:23)
	at Mystore.Mystore.Homepage.signtestcase(Homepage.java:23)
	at Mystore.Mystore.Homepage.signtestcase(Homepage.java:23)
	at Mystore.Mystore.Homepage.signtestcase(Homepage.java:23)
	at Mystore.Mystore.Homepage.signtestcase(Homepage.java:23)
	at Mystore.Mystore.Homepage.signtestcase(Homepage.java:23)
	at Mystore.Mystore.Homepage.signtestcase(Homepage.java:23)
	at Mystore.Mystore.Homepage.signtestcase(Homepage.java:23)
	at Mystore.Mystore.Homepage.signtestcase(Homepage.java:23)
	at Mystore.Mystore.Homepage.signtestcase(Homepage.java:23)
	at Mystore.Mystore.Homepage.signtestcase(Homepage.java:23)
	at Mystore.Mystore.Homepage.signtestcase(Homepage.java:23)
	at Mystore.Mystore.Homepage.signtestcase(Homepage.java:23)
	at Mystore.Mystore.Homepage.signtestcase(Homepage.java:23)
	at Mystore.Mystore.Homepage.signtestcase(Homepage.java:23)
	at Mystore.Mystore.Homepage.signtestcase(Homepage.java:23)
	at Mystore.Mystore.Homepage.signtestcase(Homepage.java:23)
	at Mystore.Mystore.Homepage.signtestcase(Homepage.java:23)
	at Mystore.Mystore.Homepage.signtestcase(Homepage.java:23)
	at Mystore.Mystore.Homepage.signtestcase(Homepage.java:23)
	at Mystore.Mystore.Homepage.signtestcase(Homepage.java:23)
	at Mystore.Mystore.Homepage.signtestcase(Homepage.java:23)
	at Mystore.Mystore.Homepage.signtestcase(Homepage.java:23)
	at Mystore.Mystore.Homepage.signtestcase(Homepage.java:23)
	at Mystore.Mystore.Homepage.signtestcase(Homepage.java:23)
	at Mystore.Mystore.Homepage.signtestcase(Homepage.java:23)
	at Mystore.Mystore.Homepage.signtestcase(Homepage.java:23)
	at Mystore.Mystore.Homepage.signtestcase(Homepage.java:23)
	at Mystore.Mystore.Homepage.signtestcase(Homepage.java:23)
	at Mystore.Mystore.Homepage.signtestcase(Homepage.java:23)
	at Mystore.Mystore.Homepage.signtestcase(Homepage.java:23)
	at Mystore.Mystore.Homepage.signtestcase(Homepage.java:23)
	at Mystore.Mystore.Homepage.signtestcase(Homepage.java:23)
	at Mystore.Mystore.Homepage.signtestcase(Homepage.java:23)
	at Mystore.Mystore.Homepage.signtestcase(Homepage.java:23)
	at Mystore.Mystore.Homepage.signtestcase(Homepage.java:23)
	at Mystore.Mystore.Homepage.signtestcase(Homepage.java:23)
	at Mystore.Mystore.Homepage.signtestcase(Homepage.java:23)
	at Mystore.Mystore.Homepage.signtestcase(Homepage.java:23)
	at Mystore.Mystore.Homepage.signtestcase(Homepage.java:23)
	at Mystore.Mystore.Homepage.signtestcase(Homepage.java:23)
	at Mystore.Mystore.Homepage.signtestcase(Homepage.java:23)
	at Mystore.Mystore.Homepage.signtestcase(Homepage.java:23)
	at Mystore.Mystore.Homepage.signtestcase(Homepage.java:23)
	at Mystore.Mystore.Homepage.signtestcase(Homepage.java:23)
	at Mystore.Mystore.Homepage.signtestcase(Homepage.java:23)
]]>
    </failure>
  </testcase> <!-- signtestcase -->
</testsuite> <!-- Mystore.Mystore.Homepage -->
