<?xml version="1.0" encoding="UTF-8"?>
<!-- Generated by org.testng.reporters.JUnitReportReporter -->
<testsuite hostname="Divya.Varnwal" name="OodlesDB.Policytestcase" tests="3" failures="0" timestamp="13 Nov 2019 16:40:54 GMT" time="42.327" errors="0">
  <testcase name="showperpagefilter" time="7.900" classname="OodlesDB.Policytestcase"/>
  <testcase name="login" time="16.037" classname="OodlesDB.Policytestcase"/>
  <testcase name="editpolicydoc" time="18.390" classname="OodlesDB.Policytestcase"/>
</testsuite> <!-- OodlesDB.Policytestcase -->
