<?xml version="1.0" encoding="UTF-8"?>
<!-- Generated by org.testng.reporters.JUnitReportReporter -->
<testsuite hostname="Divya.Varnwal" name="OodlesDB.ResourcingTest" tests="1" failures="0" timestamp="26 Aug 2019 17:06:24 GMT" time="74.541" errors="0">
  <testcase name="createDemand" time="74.541" classname="OodlesDB.ResourcingTest"/>
</testsuite> <!-- OodlesDB.ResourcingTest -->
